<?xml version="1.0" encoding="UTF-8"?>
<testng-results ignored="0" total="1" passed="1" failed="0" skipped="0">
  <reporter-output>
  </reporter-output>
  <suite started-at="2020-11-09T17:51:18 IST" name="Default suite" finished-at="2020-11-09T17:51:38 IST" duration-ms="20001">
    <groups>
    </groups>
    <test started-at="2020-11-09T17:51:18 IST" name="Default test" finished-at="2020-11-09T17:51:38 IST" duration-ms="20001">
      <class name="CircleCISeeTest.SeeTestSearch">
        <test-method is-config="true" signature="setUp()[pri:0, instance:CircleCISeeTest.SeeTestSearch@184cf7cf]" started-at="2020-11-09T17:51:18 IST" name="setUp" finished-at="2020-11-09T17:51:28 IST" duration-ms="9577" status="PASS">
          <reporter-output>
          </reporter-output>
        </test-method> <!-- setUp -->
        <test-method signature="browserTestGoogleSearch()[pri:0, instance:CircleCISeeTest.SeeTestSearch@184cf7cf]" started-at="2020-11-09T17:51:28 IST" name="browserTestGoogleSearch" finished-at="2020-11-09T17:51:37 IST" duration-ms="9314" status="PASS">
          <reporter-output>
          </reporter-output>
        </test-method> <!-- browserTestGoogleSearch -->
        <test-method is-config="true" signature="tearDown()[pri:0, instance:CircleCISeeTest.SeeTestSearch@184cf7cf]" started-at="2020-11-09T17:51:37 IST" name="tearDown" finished-at="2020-11-09T17:51:38 IST" duration-ms="1046" status="PASS">
          <reporter-output>
          </reporter-output>
        </test-method> <!-- tearDown -->
      </class> <!-- CircleCISeeTest.SeeTestSearch -->
    </test> <!-- Default test -->
  </suite> <!-- Default suite -->
</testng-results>
