<?xml version="1.0" encoding="UTF-8"?>
<testng-results ignored="0" total="1" passed="1" failed="0" skipped="0">
  <reporter-output>
  </reporter-output>
  <suite started-at="2020-11-11T17:52:02 IST" name="Default suite" finished-at="2020-11-11T17:52:20 IST" duration-ms="17851">
    <groups>
    </groups>
    <test started-at="2020-11-11T17:52:02 IST" name="Default test" finished-at="2020-11-11T17:52:20 IST" duration-ms="17851">
      <class name="ExperitestProject.ExperitestSearch">
        <test-method is-config="true" signature="setUp()[pri:0, instance:ExperitestProject.ExperitestSearch@184cf7cf]" started-at="2020-11-11T17:52:02 IST" name="setUp" finished-at="2020-11-11T17:52:11 IST" duration-ms="9228" status="PASS">
          <reporter-output>
          </reporter-output>
        </test-method> <!-- setUp -->
        <test-method signature="browserTestGoogleSearch()[pri:0, instance:ExperitestProject.ExperitestSearch@184cf7cf]" started-at="2020-11-11T17:52:11 IST" name="browserTestGoogleSearch" finished-at="2020-11-11T17:52:18 IST" duration-ms="7202" status="PASS">
          <reporter-output>
          </reporter-output>
        </test-method> <!-- browserTestGoogleSearch -->
        <test-method is-config="true" signature="tearDown()[pri:0, instance:ExperitestProject.ExperitestSearch@184cf7cf]" started-at="2020-11-11T17:52:18 IST" name="tearDown" finished-at="2020-11-11T17:52:20 IST" duration-ms="1348" status="PASS">
          <reporter-output>
          </reporter-output>
        </test-method> <!-- tearDown -->
      </class> <!-- ExperitestProject.ExperitestSearch -->
    </test> <!-- Default test -->
  </suite> <!-- Default suite -->
</testng-results>
